<?xml version="1.0" encoding="UTF-8"?>
<!-- Generated by org.testng.reporters.JUnitReportReporter -->
<testsuite hostname="LAPTOP-CRAIG" failures="0" tests="5" name="testCases.TC_VideoGame_API" time="3.041" errors="0" timestamp="2021-01-19T13:10:08 GMT" skipped="0">
  <testcase classname="testCases.TC_VideoGame_API" name="test_AddNewVideoGame" time="2.186"/>
  <system-out/>
  <testcase classname="testCases.TC_VideoGame_API" name="test_GetVideoGame" time="0.710"/>
  <system-out/>
  <testcase classname="testCases.TC_VideoGame_API" name="test_UpdateVideoGame" time="0.086"/>
  <system-out/>
  <testcase classname="testCases.TC_VideoGame_API" name="test_DeleteVideoGame" time="0.030"/>
  <system-out/>
  <testcase classname="testCases.TC_VideoGame_API" name="test_GetAllVideoGames" time="0.029"/>
  <system-out/>
</testsuite> <!-- testCases.TC_VideoGame_API -->
