<?xml version="1.0" encoding="UTF-8"?>
<!-- Generated by org.testng.reporters.JUnitReportReporter -->
<testsuite hostname="LAPTOP-CRAIG" failures="0" tests="5" name="testCases.TC_VideoGame_API" time="3.213" errors="0" timestamp="2021-01-19T13:14:07 GMT" skipped="0">
  <testcase classname="testCases.TC_VideoGame_API" name="test_AddNewVideoGame" time="2.270"/>
  <system-out/>
  <testcase classname="testCases.TC_VideoGame_API" name="test_GetVideoGame" time="0.789"/>
  <system-out/>
  <testcase classname="testCases.TC_VideoGame_API" name="test_UpdateVideoGame" time="0.089"/>
  <system-out/>
  <testcase classname="testCases.TC_VideoGame_API" name="test_DeleteVideoGame" time="0.032"/>
  <system-out/>
  <testcase classname="testCases.TC_VideoGame_API" name="test_GetAllVideoGames" time="0.033"/>
  <system-out/>
</testsuite> <!-- testCases.TC_VideoGame_API -->
